[debug] [2024-05-18T17:36:13.327Z] ----------------------------------------------------------------------
[debug] [2024-05-18T17:36:13.331Z] Command:       C:\Program Files\nodejs\node.exe C:\Users\hp\AppData\Roaming\npm\node_modules\firebase-tools\lib\bin\firebase.js deploy
[debug] [2024-05-18T17:36:13.331Z] CLI Version:   13.8.0
[debug] [2024-05-18T17:36:13.331Z] Platform:      win32
[debug] [2024-05-18T17:36:13.332Z] Node Version:  v22.1.0
[debug] [2024-05-18T17:36:13.332Z] Time:          Sat May 18 2024 20:36:13 GMT+0300 (East Africa Time)
[debug] [2024-05-18T17:36:13.332Z] ----------------------------------------------------------------------
[debug] 
[debug] [2024-05-18T17:36:13.435Z] > command requires scopes: ["email","openid","https://www.googleapis.com/auth/cloudplatformprojects.readonly","https://www.googleapis.com/auth/firebase","https://www.googleapis.com/auth/cloud-platform"]
[debug] [2024-05-18T17:36:13.436Z] > authorizing via signed-in user (airtaska@gmail.com)
[debug] [2024-05-18T17:36:13.436Z] [iam] checking project airtaska-authenticate for permissions ["datastore.indexes.create","datastore.indexes.delete","datastore.indexes.list","datastore.indexes.update","firebase.projects.get","firebasedatabase.instances.update","firebaserules.releases.create","firebaserules.releases.update","firebaserules.rulesets.create"]
[debug] [2024-05-18T17:36:13.439Z] >>> [apiv2][query] POST https://cloudresourcemanager.googleapis.com/v1/projects/airtaska-authenticate:testIamPermissions [none]
[debug] [2024-05-18T17:36:13.439Z] >>> [apiv2][(partial)header] POST https://cloudresourcemanager.googleapis.com/v1/projects/airtaska-authenticate:testIamPermissions x-goog-quota-user=projects/airtaska-authenticate
[debug] [2024-05-18T17:36:13.439Z] >>> [apiv2][body] POST https://cloudresourcemanager.googleapis.com/v1/projects/airtaska-authenticate:testIamPermissions {"permissions":["datastore.indexes.create","datastore.indexes.delete","datastore.indexes.list","datastore.indexes.update","firebase.projects.get","firebasedatabase.instances.update","firebaserules.releases.create","firebaserules.releases.update","firebaserules.rulesets.create"]}
[debug] [2024-05-18T17:36:14.685Z] <<< [apiv2][status] POST https://cloudresourcemanager.googleapis.com/v1/projects/airtaska-authenticate:testIamPermissions 200
[debug] [2024-05-18T17:36:14.685Z] <<< [apiv2][body] POST https://cloudresourcemanager.googleapis.com/v1/projects/airtaska-authenticate:testIamPermissions {"permissions":["datastore.indexes.create","datastore.indexes.delete","datastore.indexes.list","datastore.indexes.update","firebase.projects.get","firebasedatabase.instances.update","firebaserules.releases.create","firebaserules.releases.update","firebaserules.rulesets.create"]}
[debug] [2024-05-18T17:36:14.686Z] >>> [apiv2][query] GET https://firebase.googleapis.com/v1beta1/projects/airtaska-authenticate [none]
[debug] [2024-05-18T17:36:15.393Z] <<< [apiv2][status] GET https://firebase.googleapis.com/v1beta1/projects/airtaska-authenticate 200
[debug] [2024-05-18T17:36:15.393Z] <<< [apiv2][body] GET https://firebase.googleapis.com/v1beta1/projects/airtaska-authenticate {"projectId":"airtaska-authenticate","projectNumber":"756623350641","displayName":"Airtaska-authenticate","name":"projects/airtaska-authenticate","resources":{"hostingSite":"airtaska-authenticate","realtimeDatabaseInstance":"airtaska-authenticate-default-rtdb"},"state":"ACTIVE","etag":"1_12b97c04-f913-425e-ae5f-884dc0c15c91"}
[info] 
[info] === Deploying to 'airtaska-authenticate'...
[info] 
[info] i  deploying database, storage, firestore 
[info] i  database: checking rules syntax... 
[debug] [2024-05-18T17:36:15.400Z] >>> [apiv2][query] GET https://firebasedatabase.googleapis.com/v1beta/projects/airtaska-authenticate/locations/-/instances/airtaska-authenticate-default-rtdb [none]
