[debug] [2024-05-16T13:02:29.341Z] ----------------------------------------------------------------------
[debug] [2024-05-16T13:02:29.345Z] Command:       C:\Program Files\nodejs\node.exe C:\Users\hp\AppData\Roaming\npm\node_modules\firebase-tools\lib\bin\firebase.js init
[debug] [2024-05-16T13:02:29.345Z] CLI Version:   13.8.0
[debug] [2024-05-16T13:02:29.345Z] Platform:      win32
[debug] [2024-05-16T13:02:29.346Z] Node Version:  v22.1.0
[debug] [2024-05-16T13:02:29.346Z] Time:          Thu May 16 2024 16:02:29 GMT+0300 (East Africa Time)
[debug] [2024-05-16T13:02:29.346Z] ----------------------------------------------------------------------
[debug] 
[debug] [2024-05-16T13:02:29.449Z] > command requires scopes: ["email","openid","https://www.googleapis.com/auth/cloudplatformprojects.readonly","https://www.googleapis.com/auth/firebase","https://www.googleapis.com/auth/cloud-platform"]
[debug] [2024-05-16T13:02:29.449Z] > authorizing via signed-in user (johnmwega2002@gmail.com)
[info] 
     ######## #### ########  ######## ########     ###     ######  ########
     ##        ##  ##     ## ##       ##     ##  ##   ##  ##       ##
     ######    ##  ########  ######   ########  #########  ######  ######
     ##        ##  ##    ##  ##       ##     ## ##     ##       ## ##
     ##       #### ##     ## ######## ########  ##     ##  ######  ########

You're about to initialize a Firebase project in this directory:

  C:\Users\hp\Desktop\airtaska-phone-auth

Before we get started, keep in mind:

  * You are initializing within an existing Firebase project directory

